2020-12-03 16:49:58.138 INFO  geek.me.javaapi.JavaApiApplication Line:651 - No active profile set, falling back to default profiles: default
2020-12-03 16:50:00.693 INFO  org.springframework.data.repository.config.RepositoryConfigurationDelegate Line:127 - Bootstrapping Spring Data JPA repositories in DEFERRED mode.
2020-12-03 16:50:01.284 INFO  org.springframework.data.repository.config.RepositoryConfigurationDelegate Line:187 - Finished Spring Data repository scanning in 553ms. Found 20 JPA repository interfaces.
2020-12-03 16:50:02.103 INFO  org.springframework.cloud.context.scope.GenericScope Line:295 - BeanFactory id=596836d5-3a80-3498-adcf-afcbe84a0f88
2020-12-03 16:50:03.769 INFO  org.springframework.boot.web.embedded.tomcat.TomcatWebServer Line:108 - Tomcat initialized with port(s): 8080 (http)
2020-12-03 16:50:03.810 INFO  org.apache.coyote.http11.Http11NioProtocol Line:173 - Initializing ProtocolHandler ["http-nio-8080"]
2020-12-03 16:50:03.813 INFO  org.apache.catalina.core.StandardService Line:173 - Starting service [Tomcat]
2020-12-03 16:50:03.814 INFO  org.apache.catalina.core.StandardEngine Line:173 - Starting Servlet engine: [Apache Tomcat/9.0.37]
2020-12-03 16:50:04.323 INFO  org.apache.catalina.core.ContainerBase.[Tomcat].[localhost].[/] Line:173 - Initializing Spring embedded WebApplicationContext
2020-12-03 16:50:04.324 INFO  org.springframework.boot.web.servlet.context.ServletWebServerApplicationContext Line:285 - Root WebApplicationContext: initialization completed in 6096 ms
2020-12-03 16:50:05.202 INFO  org.springframework.scheduling.concurrent.ThreadPoolTaskExecutor Line:181 - Initializing ExecutorService 'applicationTaskExecutor'
2020-12-03 16:50:05.245 INFO  com.zaxxer.hikari.HikariDataSource Line:110 - HikariPool-1 - Starting...
2020-12-03 16:50:05.873 INFO  com.zaxxer.hikari.HikariDataSource Line:123 - HikariPool-1 - Start completed.
2020-12-03 16:50:06.352 INFO  org.hibernate.jpa.internal.util.LogHelper Line:31  - HHH000204: Processing PersistenceUnitInfo [name: default]
2020-12-03 16:50:06.672 INFO  org.hibernate.Version Line:44  - HHH000412: Hibernate ORM core version 5.4.20.Final
2020-12-03 16:50:07.495 INFO  org.hibernate.annotations.common.Version Line:49  - HCANN000001: Hibernate Commons Annotations {5.1.0.Final}
2020-12-03 16:50:08.092 INFO  com.netflix.config.sources.URLConfigurationSource Line:122 - To enable URLs as dynamic configuration sources, define System property archaius.configurationSource.additionalUrls or make config.properties available on classpath.
2020-12-03 16:50:08.120 INFO  com.netflix.config.sources.URLConfigurationSource Line:122 - To enable URLs as dynamic configuration sources, define System property archaius.configurationSource.additionalUrls or make config.properties available on classpath.
2020-12-03 16:50:08.188 INFO  org.hibernate.dialect.Dialect Line:170 - HHH000400: Using dialect: org.hibernate.dialect.MySQL55Dialect
2020-12-03 16:50:11.151 INFO  org.apache.coyote.http11.Http11NioProtocol Line:173 - Starting ProtocolHandler ["http-nio-8080"]
2020-12-03 16:50:11.282 INFO  org.springframework.boot.web.embedded.tomcat.TomcatWebServer Line:220 - Tomcat started on port(s): 8080 (http) with context path ''
2020-12-03 16:50:12.309 INFO  org.springframework.data.repository.config.DeferredRepositoryInitializationListener Line:49  - Triggering deferred initialization of Spring Data repositories…
2020-12-03 16:50:12.422 INFO  org.hibernate.engine.transaction.jta.platform.internal.JtaPlatformInitiator Line:52  - HHH000490: Using JtaPlatform implementation: [org.hibernate.engine.transaction.jta.platform.internal.NoJtaPlatform]
2020-12-03 16:50:12.470 INFO  org.springframework.orm.jpa.LocalContainerEntityManagerFactoryBean Line:416 - Initialized JPA EntityManagerFactory for persistence unit 'default'
2020-12-03 16:50:15.533 INFO  org.springframework.data.repository.config.DeferredRepositoryInitializationListener Line:53  - Spring Data repositories initialized!
2020-12-03 16:50:15.556 INFO  geek.me.javaapi.JavaApiApplication Line:61  - Started JavaApiApplication in 22.431 seconds (JVM running for 30.142)
2020-12-03 16:50:45.103 INFO  org.apache.catalina.core.ContainerBase.[Tomcat].[localhost].[/] Line:173 - Initializing Spring DispatcherServlet 'dispatcherServlet'
2020-12-03 16:50:45.104 INFO  org.springframework.web.servlet.DispatcherServlet Line:525 - Initializing Servlet 'dispatcherServlet'
2020-12-03 16:50:45.147 INFO  org.springframework.web.servlet.DispatcherServlet Line:547 - Completed initialization in 42 ms
2020-12-03 16:51:54.955 INFO  geek.me.javaapi.JavaApiApplication Line:651 - No active profile set, falling back to default profiles: default
2020-12-03 16:51:57.448 INFO  org.springframework.data.repository.config.RepositoryConfigurationDelegate Line:127 - Bootstrapping Spring Data JPA repositories in DEFERRED mode.
2020-12-03 16:51:58.008 INFO  org.springframework.data.repository.config.RepositoryConfigurationDelegate Line:187 - Finished Spring Data repository scanning in 522ms. Found 20 JPA repository interfaces.
2020-12-03 16:51:58.803 INFO  org.springframework.cloud.context.scope.GenericScope Line:295 - BeanFactory id=596836d5-3a80-3498-adcf-afcbe84a0f88
2020-12-03 16:52:00.569 INFO  org.springframework.boot.web.embedded.tomcat.TomcatWebServer Line:108 - Tomcat initialized with port(s): 8080 (http)
2020-12-03 16:52:00.618 INFO  org.apache.coyote.http11.Http11NioProtocol Line:173 - Initializing ProtocolHandler ["http-nio-8080"]
2020-12-03 16:52:00.622 INFO  org.apache.catalina.core.StandardService Line:173 - Starting service [Tomcat]
2020-12-03 16:52:00.623 INFO  org.apache.catalina.core.StandardEngine Line:173 - Starting Servlet engine: [Apache Tomcat/9.0.37]
2020-12-03 16:52:01.199 INFO  org.apache.catalina.core.ContainerBase.[Tomcat].[localhost].[/] Line:173 - Initializing Spring embedded WebApplicationContext
2020-12-03 16:52:01.201 INFO  org.springframework.boot.web.servlet.context.ServletWebServerApplicationContext Line:285 - Root WebApplicationContext: initialization completed in 6139 ms
2020-12-03 16:52:02.209 INFO  org.springframework.scheduling.concurrent.ThreadPoolTaskExecutor Line:181 - Initializing ExecutorService 'applicationTaskExecutor'
2020-12-03 16:52:02.261 INFO  com.zaxxer.hikari.HikariDataSource Line:110 - HikariPool-1 - Starting...
2020-12-03 16:52:02.926 INFO  com.zaxxer.hikari.HikariDataSource Line:123 - HikariPool-1 - Start completed.
2020-12-03 16:52:03.387 INFO  org.hibernate.jpa.internal.util.LogHelper Line:31  - HHH000204: Processing PersistenceUnitInfo [name: default]
2020-12-03 16:52:03.638 INFO  org.hibernate.Version Line:44  - HHH000412: Hibernate ORM core version 5.4.20.Final
2020-12-03 16:52:04.311 INFO  org.hibernate.annotations.common.Version Line:49  - HCANN000001: Hibernate Commons Annotations {5.1.0.Final}
2020-12-03 16:52:04.870 INFO  com.netflix.config.sources.URLConfigurationSource Line:122 - To enable URLs as dynamic configuration sources, define System property archaius.configurationSource.additionalUrls or make config.properties available on classpath.
2020-12-03 16:52:04.897 INFO  com.netflix.config.sources.URLConfigurationSource Line:122 - To enable URLs as dynamic configuration sources, define System property archaius.configurationSource.additionalUrls or make config.properties available on classpath.
2020-12-03 16:52:04.918 INFO  org.hibernate.dialect.Dialect Line:170 - HHH000400: Using dialect: org.hibernate.dialect.MySQL55Dialect
2020-12-03 16:52:09.442 INFO  org.apache.coyote.http11.Http11NioProtocol Line:173 - Starting ProtocolHandler ["http-nio-8080"]
2020-12-03 16:52:09.576 INFO  org.springframework.boot.web.embedded.tomcat.TomcatWebServer Line:220 - Tomcat started on port(s): 8080 (http) with context path ''
2020-12-03 16:52:10.376 INFO  org.hibernate.engine.transaction.jta.platform.internal.JtaPlatformInitiator Line:52  - HHH000490: Using JtaPlatform implementation: [org.hibernate.engine.transaction.jta.platform.internal.NoJtaPlatform]
2020-12-03 16:52:10.431 INFO  org.springframework.orm.jpa.LocalContainerEntityManagerFactoryBean Line:416 - Initialized JPA EntityManagerFactory for persistence unit 'default'
2020-12-03 16:52:10.459 INFO  org.springframework.data.repository.config.DeferredRepositoryInitializationListener Line:49  - Triggering deferred initialization of Spring Data repositories…
2020-12-03 16:52:13.129 INFO  org.apache.catalina.core.ContainerBase.[Tomcat].[localhost].[/] Line:173 - Initializing Spring DispatcherServlet 'dispatcherServlet'
2020-12-03 16:52:13.130 INFO  org.springframework.web.servlet.DispatcherServlet Line:525 - Initializing Servlet 'dispatcherServlet'
2020-12-03 16:52:13.178 INFO  org.springframework.web.servlet.DispatcherServlet Line:547 - Completed initialization in 47 ms
2020-12-03 16:52:14.452 INFO  org.springframework.data.repository.config.DeferredRepositoryInitializationListener Line:53  - Spring Data repositories initialized!
2020-12-03 16:52:14.493 INFO  geek.me.javaapi.JavaApiApplication Line:61  - Started JavaApiApplication in 27.905 seconds (JVM running for 34.056)
2020-12-03 16:57:33.389 INFO  geek.me.javaapi.JavaApiApplication Line:651 - No active profile set, falling back to default profiles: default
2020-12-03 16:57:36.191 INFO  org.springframework.data.repository.config.RepositoryConfigurationDelegate Line:127 - Bootstrapping Spring Data JPA repositories in DEFERRED mode.
2020-12-03 16:57:36.804 INFO  org.springframework.data.repository.config.RepositoryConfigurationDelegate Line:187 - Finished Spring Data repository scanning in 579ms. Found 20 JPA repository interfaces.
2020-12-03 16:57:37.810 INFO  org.springframework.cloud.context.scope.GenericScope Line:295 - BeanFactory id=596836d5-3a80-3498-adcf-afcbe84a0f88
2020-12-03 16:57:39.996 INFO  org.springframework.boot.web.embedded.tomcat.TomcatWebServer Line:108 - Tomcat initialized with port(s): 8080 (http)
2020-12-03 16:57:40.057 INFO  org.apache.coyote.http11.Http11NioProtocol Line:173 - Initializing ProtocolHandler ["http-nio-8080"]
2020-12-03 16:57:40.070 INFO  org.apache.catalina.core.StandardService Line:173 - Starting service [Tomcat]
2020-12-03 16:57:40.071 INFO  org.apache.catalina.core.StandardEngine Line:173 - Starting Servlet engine: [Apache Tomcat/9.0.37]
2020-12-03 16:57:40.697 INFO  org.apache.catalina.core.ContainerBase.[Tomcat].[localhost].[/] Line:173 - Initializing Spring embedded WebApplicationContext
2020-12-03 16:57:40.698 INFO  org.springframework.boot.web.servlet.context.ServletWebServerApplicationContext Line:285 - Root WebApplicationContext: initialization completed in 7212 ms
2020-12-03 16:57:41.505 INFO  org.springframework.scheduling.concurrent.ThreadPoolTaskExecutor Line:181 - Initializing ExecutorService 'applicationTaskExecutor'
2020-12-03 16:57:41.552 INFO  com.zaxxer.hikari.HikariDataSource Line:110 - HikariPool-1 - Starting...
2020-12-03 16:57:42.118 INFO  com.zaxxer.hikari.HikariDataSource Line:123 - HikariPool-1 - Start completed.
2020-12-03 16:57:42.693 INFO  org.hibernate.jpa.internal.util.LogHelper Line:31  - HHH000204: Processing PersistenceUnitInfo [name: default]
2020-12-03 16:57:42.925 INFO  org.hibernate.Version Line:44  - HHH000412: Hibernate ORM core version 5.4.20.Final
2020-12-03 16:57:44.139 INFO  org.hibernate.annotations.common.Version Line:49  - HCANN000001: Hibernate Commons Annotations {5.1.0.Final}
2020-12-03 16:57:44.905 INFO  com.netflix.config.sources.URLConfigurationSource Line:122 - To enable URLs as dynamic configuration sources, define System property archaius.configurationSource.additionalUrls or make config.properties available on classpath.
2020-12-03 16:57:44.909 INFO  org.hibernate.dialect.Dialect Line:170 - HHH000400: Using dialect: org.hibernate.dialect.MySQL55Dialect
2020-12-03 16:57:44.926 INFO  com.netflix.config.sources.URLConfigurationSource Line:122 - To enable URLs as dynamic configuration sources, define System property archaius.configurationSource.additionalUrls or make config.properties available on classpath.
2020-12-03 16:57:47.794 INFO  org.apache.coyote.http11.Http11NioProtocol Line:173 - Starting ProtocolHandler ["http-nio-8080"]
2020-12-03 16:57:47.920 INFO  org.springframework.boot.web.embedded.tomcat.TomcatWebServer Line:220 - Tomcat started on port(s): 8080 (http) with context path ''
2020-12-03 16:57:48.812 INFO  org.springframework.data.repository.config.DeferredRepositoryInitializationListener Line:49  - Triggering deferred initialization of Spring Data repositories…
2020-12-03 16:57:48.824 INFO  org.hibernate.engine.transaction.jta.platform.internal.JtaPlatformInitiator Line:52  - HHH000490: Using JtaPlatform implementation: [org.hibernate.engine.transaction.jta.platform.internal.NoJtaPlatform]
2020-12-03 16:57:48.875 INFO  org.springframework.orm.jpa.LocalContainerEntityManagerFactoryBean Line:416 - Initialized JPA EntityManagerFactory for persistence unit 'default'
2020-12-03 16:57:52.003 INFO  org.springframework.data.repository.config.DeferredRepositoryInitializationListener Line:53  - Spring Data repositories initialized!
2020-12-03 16:57:52.029 INFO  geek.me.javaapi.JavaApiApplication Line:61  - Started JavaApiApplication in 23.67 seconds (JVM running for 28.491)
2020-12-03 16:58:14.994 INFO  org.apache.catalina.core.ContainerBase.[Tomcat].[localhost].[/] Line:173 - Initializing Spring DispatcherServlet 'dispatcherServlet'
2020-12-03 16:58:14.995 INFO  org.springframework.web.servlet.DispatcherServlet Line:525 - Initializing Servlet 'dispatcherServlet'
2020-12-03 16:58:15.040 INFO  org.springframework.web.servlet.DispatcherServlet Line:547 - Completed initialization in 44 ms
2020-12-03 16:58:52.776 INFO  geek.me.javaapi.JavaApiApplication Line:651 - No active profile set, falling back to default profiles: default
2020-12-03 16:58:55.080 INFO  org.springframework.data.repository.config.RepositoryConfigurationDelegate Line:127 - Bootstrapping Spring Data JPA repositories in DEFERRED mode.
2020-12-03 16:58:55.657 INFO  org.springframework.data.repository.config.RepositoryConfigurationDelegate Line:187 - Finished Spring Data repository scanning in 542ms. Found 20 JPA repository interfaces.
2020-12-03 16:58:56.453 INFO  org.springframework.cloud.context.scope.GenericScope Line:295 - BeanFactory id=596836d5-3a80-3498-adcf-afcbe84a0f88
2020-12-03 16:58:58.015 INFO  org.springframework.boot.web.embedded.tomcat.TomcatWebServer Line:108 - Tomcat initialized with port(s): 8080 (http)
2020-12-03 16:58:58.053 INFO  org.apache.coyote.http11.Http11NioProtocol Line:173 - Initializing ProtocolHandler ["http-nio-8080"]
2020-12-03 16:58:58.057 INFO  org.apache.catalina.core.StandardService Line:173 - Starting service [Tomcat]
2020-12-03 16:58:58.058 INFO  org.apache.catalina.core.StandardEngine Line:173 - Starting Servlet engine: [Apache Tomcat/9.0.37]
2020-12-03 16:58:58.584 INFO  org.apache.catalina.core.ContainerBase.[Tomcat].[localhost].[/] Line:173 - Initializing Spring embedded WebApplicationContext
2020-12-03 16:58:58.585 INFO  org.springframework.boot.web.servlet.context.ServletWebServerApplicationContext Line:285 - Root WebApplicationContext: initialization completed in 5717 ms
2020-12-03 16:58:59.523 INFO  org.springframework.scheduling.concurrent.ThreadPoolTaskExecutor Line:181 - Initializing ExecutorService 'applicationTaskExecutor'
2020-12-03 16:58:59.577 INFO  com.zaxxer.hikari.HikariDataSource Line:110 - HikariPool-1 - Starting...
2020-12-03 16:59:00.222 INFO  com.zaxxer.hikari.HikariDataSource Line:123 - HikariPool-1 - Start completed.
2020-12-03 16:59:00.714 INFO  org.hibernate.jpa.internal.util.LogHelper Line:31  - HHH000204: Processing PersistenceUnitInfo [name: default]
2020-12-03 16:59:00.999 INFO  org.hibernate.Version Line:44  - HHH000412: Hibernate ORM core version 5.4.20.Final
2020-12-03 16:59:01.722 INFO  org.hibernate.annotations.common.Version Line:49  - HCANN000001: Hibernate Commons Annotations {5.1.0.Final}
2020-12-03 16:59:02.324 INFO  com.netflix.config.sources.URLConfigurationSource Line:122 - To enable URLs as dynamic configuration sources, define System property archaius.configurationSource.additionalUrls or make config.properties available on classpath.
2020-12-03 16:59:02.360 INFO  com.netflix.config.sources.URLConfigurationSource Line:122 - To enable URLs as dynamic configuration sources, define System property archaius.configurationSource.additionalUrls or make config.properties available on classpath.
2020-12-03 16:59:02.411 INFO  org.hibernate.dialect.Dialect Line:170 - HHH000400: Using dialect: org.hibernate.dialect.MySQL55Dialect
2020-12-03 16:59:05.551 INFO  org.apache.coyote.http11.Http11NioProtocol Line:173 - Starting ProtocolHandler ["http-nio-8080"]
2020-12-03 16:59:05.701 INFO  org.springframework.boot.web.embedded.tomcat.TomcatWebServer Line:220 - Tomcat started on port(s): 8080 (http) with context path ''
2020-12-03 16:59:06.659 INFO  org.springframework.data.repository.config.DeferredRepositoryInitializationListener Line:49  - Triggering deferred initialization of Spring Data repositories…
2020-12-03 16:59:06.819 INFO  org.hibernate.engine.transaction.jta.platform.internal.JtaPlatformInitiator Line:52  - HHH000490: Using JtaPlatform implementation: [org.hibernate.engine.transaction.jta.platform.internal.NoJtaPlatform]
2020-12-03 16:59:06.872 INFO  org.springframework.orm.jpa.LocalContainerEntityManagerFactoryBean Line:416 - Initialized JPA EntityManagerFactory for persistence unit 'default'
2020-12-03 16:59:10.337 INFO  org.springframework.data.repository.config.DeferredRepositoryInitializationListener Line:53  - Spring Data repositories initialized!
2020-12-03 16:59:10.359 INFO  geek.me.javaapi.JavaApiApplication Line:61  - Started JavaApiApplication in 22.442 seconds (JVM running for 27.318)
2020-12-03 17:01:25.355 INFO  org.springframework.boot.test.context.SpringBootTestContextBootstrapper Line:308 - Neither @ContextConfiguration nor @ContextHierarchy found for test class [geek.me.javaapi.JavaApiApplicationTests], using SpringBootContextLoader
2020-12-03 17:01:25.388 INFO  org.springframework.test.context.support.AbstractContextLoader Line:264 - Could not detect default resource locations for test class [geek.me.javaapi.JavaApiApplicationTests]: no resource found for suffixes {-context.xml, Context.groovy}.
2020-12-03 17:01:25.392 INFO  org.springframework.test.context.support.AnnotationConfigContextLoaderUtils Line:83  - Could not detect default configuration classes for test class [geek.me.javaapi.JavaApiApplicationTests]: JavaApiApplicationTests does not declare any static, non-private, non-final, nested classes annotated with @Configuration.
2020-12-03 17:01:25.987 INFO  org.springframework.boot.test.context.SpringBootTestContextBootstrapper Line:237 - Found @SpringBootConfiguration geek.me.javaapi.JavaApiApplication for test class geek.me.javaapi.JavaApiApplicationTests
2020-12-03 17:01:26.533 INFO  org.springframework.boot.test.context.SpringBootTestContextBootstrapper Line:248 - Loaded default TestExecutionListener class names from location [META-INF/spring.factories]: [org.springframework.boot.test.mock.mockito.MockitoTestExecutionListener, org.springframework.boot.test.mock.mockito.ResetMocksTestExecutionListener, org.springframework.boot.test.autoconfigure.restdocs.RestDocsTestExecutionListener, org.springframework.boot.test.autoconfigure.web.client.MockRestServiceServerResetTestExecutionListener, org.springframework.boot.test.autoconfigure.web.servlet.MockMvcPrintOnlyOnFailureTestExecutionListener, org.springframework.boot.test.autoconfigure.web.servlet.WebDriverTestExecutionListener, org.springframework.boot.test.autoconfigure.webservices.client.MockWebServiceServerTestExecutionListener, org.springframework.test.context.web.ServletTestExecutionListener, org.springframework.test.context.support.DirtiesContextBeforeModesTestExecutionListener, org.springframework.test.context.support.DependencyInjectionTestExecutionListener, org.springframework.test.context.support.DirtiesContextTestExecutionListener, org.springframework.test.context.transaction.TransactionalTestExecutionListener, org.springframework.test.context.jdbc.SqlScriptsTestExecutionListener, org.springframework.test.context.event.EventPublishingTestExecutionListener]
2020-12-03 17:01:26.625 INFO  org.springframework.boot.test.context.SpringBootTestContextBootstrapper Line:177 - Using TestExecutionListeners: [org.springframework.test.context.web.ServletTestExecutionListener@4d6025c5, org.springframework.test.context.support.DirtiesContextBeforeModesTestExecutionListener@7f284218, org.springframework.boot.test.mock.mockito.MockitoTestExecutionListener@407a7f2a, org.springframework.boot.test.autoconfigure.SpringBootDependencyInjectionTestExecutionListener@4ea5b703, org.springframework.test.context.support.DirtiesContextTestExecutionListener@2a7ed1f, org.springframework.test.context.transaction.TransactionalTestExecutionListener@3fa247d1, org.springframework.test.context.jdbc.SqlScriptsTestExecutionListener@2cb2fc20, org.springframework.test.context.event.EventPublishingTestExecutionListener@4f4c4b1a, org.springframework.boot.test.mock.mockito.ResetMocksTestExecutionListener@723e88f9, org.springframework.boot.test.autoconfigure.restdocs.RestDocsTestExecutionListener@5f0fd5a0, org.springframework.boot.test.autoconfigure.web.client.MockRestServiceServerResetTestExecutionListener@64e7619d, org.springframework.boot.test.autoconfigure.web.servlet.MockMvcPrintOnlyOnFailureTestExecutionListener@495ee280, org.springframework.boot.test.autoconfigure.web.servlet.WebDriverTestExecutionListener@4fa1c212, org.springframework.boot.test.autoconfigure.webservices.client.MockWebServiceServerTestExecutionListener@6ea2bc93]
2020-12-03 17:01:31.033 INFO  geek.me.javaapi.JavaApiApplicationTests Line:651 - No active profile set, falling back to default profiles: default
2020-12-03 17:01:34.063 INFO  org.springframework.data.repository.config.RepositoryConfigurationDelegate Line:127 - Bootstrapping Spring Data JPA repositories in DEFERRED mode.
2020-12-03 17:01:34.879 INFO  org.springframework.data.repository.config.RepositoryConfigurationDelegate Line:187 - Finished Spring Data repository scanning in 757ms. Found 20 JPA repository interfaces.
2020-12-03 17:01:36.121 INFO  org.springframework.cloud.context.scope.GenericScope Line:295 - BeanFactory id=a0089f78-0262-3981-b787-3b320598f2a4
2020-12-03 17:01:38.817 INFO  org.springframework.scheduling.concurrent.ThreadPoolTaskExecutor Line:181 - Initializing ExecutorService 'applicationTaskExecutor'
2020-12-03 17:01:38.926 INFO  com.zaxxer.hikari.HikariDataSource Line:110 - HikariPool-1 - Starting...
2020-12-03 17:01:39.870 INFO  com.zaxxer.hikari.HikariDataSource Line:123 - HikariPool-1 - Start completed.
2020-12-03 17:01:40.413 INFO  org.hibernate.jpa.internal.util.LogHelper Line:31  - HHH000204: Processing PersistenceUnitInfo [name: default]
2020-12-03 17:01:40.863 INFO  org.hibernate.Version Line:44  - HHH000412: Hibernate ORM core version 5.4.20.Final
2020-12-03 17:01:42.020 INFO  org.hibernate.annotations.common.Version Line:49  - HCANN000001: Hibernate Commons Annotations {5.1.0.Final}
2020-12-03 17:01:43.183 INFO  org.hibernate.dialect.Dialect Line:170 - HHH000400: Using dialect: org.hibernate.dialect.MySQL55Dialect
2020-12-03 17:01:45.874 INFO  com.netflix.config.sources.URLConfigurationSource Line:122 - To enable URLs as dynamic configuration sources, define System property archaius.configurationSource.additionalUrls or make config.properties available on classpath.
2020-12-03 17:01:45.918 INFO  com.netflix.config.sources.URLConfigurationSource Line:122 - To enable URLs as dynamic configuration sources, define System property archaius.configurationSource.additionalUrls or make config.properties available on classpath.
2020-12-03 17:01:50.595 INFO  org.hibernate.engine.transaction.jta.platform.internal.JtaPlatformInitiator Line:52  - HHH000490: Using JtaPlatform implementation: [org.hibernate.engine.transaction.jta.platform.internal.NoJtaPlatform]
2020-12-03 17:01:50.671 INFO  org.springframework.orm.jpa.LocalContainerEntityManagerFactoryBean Line:416 - Initialized JPA EntityManagerFactory for persistence unit 'default'
2020-12-03 17:01:54.924 INFO  org.springframework.data.repository.config.DeferredRepositoryInitializationListener Line:49  - Triggering deferred initialization of Spring Data repositories…
2020-12-03 17:01:59.799 INFO  org.springframework.data.repository.config.DeferredRepositoryInitializationListener Line:53  - Spring Data repositories initialized!
2020-12-03 17:01:59.840 INFO  geek.me.javaapi.JavaApiApplicationTests Line:61  - Started JavaApiApplicationTests in 33.029 seconds (JVM running for 38.857)
2020-12-03 17:02:06.857 INFO  org.springframework.orm.jpa.LocalContainerEntityManagerFactoryBean Line:598 - Closing JPA EntityManagerFactory for persistence unit 'default'
2020-12-03 17:02:06.871 INFO  org.springframework.scheduling.concurrent.ThreadPoolTaskExecutor Line:218 - Shutting down ExecutorService 'applicationTaskExecutor'
2020-12-03 17:02:06.873 INFO  com.zaxxer.hikari.HikariDataSource Line:350 - HikariPool-1 - Shutdown initiated...
2020-12-03 17:02:07.274 INFO  com.zaxxer.hikari.HikariDataSource Line:352 - HikariPool-1 - Shutdown completed.
2020-12-03 17:03:36.460 INFO  geek.me.javaapi.JavaApiApplication Line:651 - No active profile set, falling back to default profiles: default
2020-12-03 17:03:39.071 INFO  org.springframework.data.repository.config.RepositoryConfigurationDelegate Line:127 - Bootstrapping Spring Data JPA repositories in DEFERRED mode.
2020-12-03 17:03:39.687 INFO  org.springframework.data.repository.config.RepositoryConfigurationDelegate Line:187 - Finished Spring Data repository scanning in 573ms. Found 20 JPA repository interfaces.
2020-12-03 17:03:40.558 INFO  org.springframework.cloud.context.scope.GenericScope Line:295 - BeanFactory id=596836d5-3a80-3498-adcf-afcbe84a0f88
2020-12-03 17:03:42.165 INFO  org.springframework.boot.web.embedded.tomcat.TomcatWebServer Line:108 - Tomcat initialized with port(s): 8080 (http)
2020-12-03 17:03:42.211 INFO  org.apache.coyote.http11.Http11NioProtocol Line:173 - Initializing ProtocolHandler ["http-nio-8080"]
2020-12-03 17:03:42.214 INFO  org.apache.catalina.core.StandardService Line:173 - Starting service [Tomcat]
2020-12-03 17:03:42.215 INFO  org.apache.catalina.core.StandardEngine Line:173 - Starting Servlet engine: [Apache Tomcat/9.0.37]
2020-12-03 17:03:42.721 INFO  org.apache.catalina.core.ContainerBase.[Tomcat].[localhost].[/] Line:173 - Initializing Spring embedded WebApplicationContext
2020-12-03 17:03:42.722 INFO  org.springframework.boot.web.servlet.context.ServletWebServerApplicationContext Line:285 - Root WebApplicationContext: initialization completed in 6154 ms
2020-12-03 17:03:43.665 INFO  org.springframework.scheduling.concurrent.ThreadPoolTaskExecutor Line:181 - Initializing ExecutorService 'applicationTaskExecutor'
2020-12-03 17:03:43.720 INFO  com.zaxxer.hikari.HikariDataSource Line:110 - HikariPool-1 - Starting...
2020-12-03 17:03:44.418 INFO  com.zaxxer.hikari.HikariDataSource Line:123 - HikariPool-1 - Start completed.
2020-12-03 17:03:44.968 INFO  org.hibernate.jpa.internal.util.LogHelper Line:31  - HHH000204: Processing PersistenceUnitInfo [name: default]
2020-12-03 17:03:45.246 INFO  org.hibernate.Version Line:44  - HHH000412: Hibernate ORM core version 5.4.20.Final
2020-12-03 17:03:46.035 INFO  org.hibernate.annotations.common.Version Line:49  - HCANN000001: Hibernate Commons Annotations {5.1.0.Final}
2020-12-03 17:03:46.631 INFO  com.netflix.config.sources.URLConfigurationSource Line:122 - To enable URLs as dynamic configuration sources, define System property archaius.configurationSource.additionalUrls or make config.properties available on classpath.
2020-12-03 17:03:46.652 INFO  com.netflix.config.sources.URLConfigurationSource Line:122 - To enable URLs as dynamic configuration sources, define System property archaius.configurationSource.additionalUrls or make config.properties available on classpath.
2020-12-03 17:03:46.725 INFO  org.hibernate.dialect.Dialect Line:170 - HHH000400: Using dialect: org.hibernate.dialect.MySQL55Dialect
2020-12-03 17:03:49.592 INFO  org.apache.coyote.http11.Http11NioProtocol Line:173 - Starting ProtocolHandler ["http-nio-8080"]
2020-12-03 17:03:49.826 INFO  org.springframework.boot.web.embedded.tomcat.TomcatWebServer Line:220 - Tomcat started on port(s): 8080 (http) with context path ''
2020-12-03 17:03:50.734 INFO  org.springframework.data.repository.config.DeferredRepositoryInitializationListener Line:49  - Triggering deferred initialization of Spring Data repositories…
2020-12-03 17:03:50.828 INFO  org.hibernate.engine.transaction.jta.platform.internal.JtaPlatformInitiator Line:52  - HHH000490: Using JtaPlatform implementation: [org.hibernate.engine.transaction.jta.platform.internal.NoJtaPlatform]
2020-12-03 17:03:50.875 INFO  org.springframework.orm.jpa.LocalContainerEntityManagerFactoryBean Line:416 - Initialized JPA EntityManagerFactory for persistence unit 'default'
2020-12-03 17:03:53.947 INFO  org.springframework.data.repository.config.DeferredRepositoryInitializationListener Line:53  - Spring Data repositories initialized!
2020-12-03 17:03:53.973 INFO  geek.me.javaapi.JavaApiApplication Line:61  - Started JavaApiApplication in 24.648 seconds (JVM running for 30.513)
2020-12-03 17:04:23.424 INFO  org.apache.catalina.core.ContainerBase.[Tomcat].[localhost].[/] Line:173 - Initializing Spring DispatcherServlet 'dispatcherServlet'
2020-12-03 17:04:23.425 INFO  org.springframework.web.servlet.DispatcherServlet Line:525 - Initializing Servlet 'dispatcherServlet'
2020-12-03 17:04:23.459 INFO  org.springframework.web.servlet.DispatcherServlet Line:547 - Completed initialization in 33 ms
2020-12-03 17:05:40.664 INFO  geek.me.javaapi.JavaApiApplication Line:651 - No active profile set, falling back to default profiles: default
2020-12-03 17:05:42.897 INFO  org.springframework.data.repository.config.RepositoryConfigurationDelegate Line:127 - Bootstrapping Spring Data JPA repositories in DEFERRED mode.
2020-12-03 17:05:43.466 INFO  org.springframework.data.repository.config.RepositoryConfigurationDelegate Line:187 - Finished Spring Data repository scanning in 527ms. Found 20 JPA repository interfaces.
2020-12-03 17:05:44.261 INFO  org.springframework.cloud.context.scope.GenericScope Line:295 - BeanFactory id=596836d5-3a80-3498-adcf-afcbe84a0f88
2020-12-03 17:05:45.873 INFO  org.springframework.boot.web.embedded.tomcat.TomcatWebServer Line:108 - Tomcat initialized with port(s): 8080 (http)
2020-12-03 17:05:45.910 INFO  org.apache.coyote.http11.Http11NioProtocol Line:173 - Initializing ProtocolHandler ["http-nio-8080"]
2020-12-03 17:05:45.914 INFO  org.apache.catalina.core.StandardService Line:173 - Starting service [Tomcat]
2020-12-03 17:05:45.915 INFO  org.apache.catalina.core.StandardEngine Line:173 - Starting Servlet engine: [Apache Tomcat/9.0.37]
2020-12-03 17:05:46.436 INFO  org.apache.catalina.core.ContainerBase.[Tomcat].[localhost].[/] Line:173 - Initializing Spring embedded WebApplicationContext
2020-12-03 17:05:46.437 INFO  org.springframework.boot.web.servlet.context.ServletWebServerApplicationContext Line:285 - Root WebApplicationContext: initialization completed in 5690 ms
2020-12-03 17:05:47.279 INFO  org.springframework.scheduling.concurrent.ThreadPoolTaskExecutor Line:181 - Initializing ExecutorService 'applicationTaskExecutor'
2020-12-03 17:05:47.322 INFO  com.zaxxer.hikari.HikariDataSource Line:110 - HikariPool-1 - Starting...
2020-12-03 17:05:47.854 INFO  com.zaxxer.hikari.HikariDataSource Line:123 - HikariPool-1 - Start completed.
2020-12-03 17:05:48.282 INFO  org.hibernate.jpa.internal.util.LogHelper Line:31  - HHH000204: Processing PersistenceUnitInfo [name: default]
2020-12-03 17:05:48.547 INFO  org.hibernate.Version Line:44  - HHH000412: Hibernate ORM core version 5.4.20.Final
2020-12-03 17:05:49.287 INFO  org.hibernate.annotations.common.Version Line:49  - HCANN000001: Hibernate Commons Annotations {5.1.0.Final}
2020-12-03 17:05:49.848 INFO  com.netflix.config.sources.URLConfigurationSource Line:122 - To enable URLs as dynamic configuration sources, define System property archaius.configurationSource.additionalUrls or make config.properties available on classpath.
2020-12-03 17:05:49.870 INFO  com.netflix.config.sources.URLConfigurationSource Line:122 - To enable URLs as dynamic configuration sources, define System property archaius.configurationSource.additionalUrls or make config.properties available on classpath.
2020-12-03 17:05:49.944 INFO  org.hibernate.dialect.Dialect Line:170 - HHH000400: Using dialect: org.hibernate.dialect.MySQL55Dialect
2020-12-03 17:05:52.751 INFO  org.apache.coyote.http11.Http11NioProtocol Line:173 - Starting ProtocolHandler ["http-nio-8080"]
2020-12-03 17:05:52.919 INFO  org.springframework.boot.web.embedded.tomcat.TomcatWebServer Line:220 - Tomcat started on port(s): 8080 (http) with context path ''
2020-12-03 17:05:53.785 INFO  org.springframework.data.repository.config.DeferredRepositoryInitializationListener Line:49  - Triggering deferred initialization of Spring Data repositories…
2020-12-03 17:05:54.016 INFO  org.hibernate.engine.transaction.jta.platform.internal.JtaPlatformInitiator Line:52  - HHH000490: Using JtaPlatform implementation: [org.hibernate.engine.transaction.jta.platform.internal.NoJtaPlatform]
2020-12-03 17:05:54.057 INFO  org.springframework.orm.jpa.LocalContainerEntityManagerFactoryBean Line:416 - Initialized JPA EntityManagerFactory for persistence unit 'default'
2020-12-03 17:05:56.971 INFO  org.springframework.data.repository.config.DeferredRepositoryInitializationListener Line:53  - Spring Data repositories initialized!
2020-12-03 17:05:56.995 INFO  geek.me.javaapi.JavaApiApplication Line:61  - Started JavaApiApplication in 21.48 seconds (JVM running for 26.237)
2020-12-03 17:06:05.005 INFO  org.apache.catalina.core.ContainerBase.[Tomcat].[localhost].[/] Line:173 - Initializing Spring DispatcherServlet 'dispatcherServlet'
2020-12-03 17:06:05.006 INFO  org.springframework.web.servlet.DispatcherServlet Line:525 - Initializing Servlet 'dispatcherServlet'
2020-12-03 17:06:05.041 INFO  org.springframework.web.servlet.DispatcherServlet Line:547 - Completed initialization in 34 ms
2020-12-03 17:06:55.390 INFO  geek.me.javaapi.JavaApiApplication Line:651 - No active profile set, falling back to default profiles: default
2020-12-03 17:06:58.253 INFO  org.springframework.data.repository.config.RepositoryConfigurationDelegate Line:127 - Bootstrapping Spring Data JPA repositories in DEFERRED mode.
2020-12-03 17:06:58.876 INFO  org.springframework.data.repository.config.RepositoryConfigurationDelegate Line:187 - Finished Spring Data repository scanning in 574ms. Found 20 JPA repository interfaces.
2020-12-03 17:06:59.629 INFO  org.springframework.cloud.context.scope.GenericScope Line:295 - BeanFactory id=596836d5-3a80-3498-adcf-afcbe84a0f88
2020-12-03 17:07:01.433 INFO  org.springframework.boot.web.embedded.tomcat.TomcatWebServer Line:108 - Tomcat initialized with port(s): 8080 (http)
2020-12-03 17:07:01.479 INFO  org.apache.coyote.http11.Http11NioProtocol Line:173 - Initializing ProtocolHandler ["http-nio-8080"]
2020-12-03 17:07:01.482 INFO  org.apache.catalina.core.StandardService Line:173 - Starting service [Tomcat]
2020-12-03 17:07:01.483 INFO  org.apache.catalina.core.StandardEngine Line:173 - Starting Servlet engine: [Apache Tomcat/9.0.37]
2020-12-03 17:07:02.001 INFO  org.apache.catalina.core.ContainerBase.[Tomcat].[localhost].[/] Line:173 - Initializing Spring embedded WebApplicationContext
2020-12-03 17:07:02.002 INFO  org.springframework.boot.web.servlet.context.ServletWebServerApplicationContext Line:285 - Root WebApplicationContext: initialization completed in 6516 ms
2020-12-03 17:07:02.963 INFO  org.springframework.scheduling.concurrent.ThreadPoolTaskExecutor Line:181 - Initializing ExecutorService 'applicationTaskExecutor'
2020-12-03 17:07:03.041 INFO  com.zaxxer.hikari.HikariDataSource Line:110 - HikariPool-1 - Starting...
2020-12-03 17:07:03.751 INFO  com.zaxxer.hikari.HikariDataSource Line:123 - HikariPool-1 - Start completed.
2020-12-03 17:07:04.331 INFO  org.hibernate.jpa.internal.util.LogHelper Line:31  - HHH000204: Processing PersistenceUnitInfo [name: default]
2020-12-03 17:07:04.593 INFO  org.hibernate.Version Line:44  - HHH000412: Hibernate ORM core version 5.4.20.Final
2020-12-03 17:07:05.710 INFO  org.hibernate.annotations.common.Version Line:49  - HCANN000001: Hibernate Commons Annotations {5.1.0.Final}
2020-12-03 17:07:06.152 INFO  com.netflix.config.sources.URLConfigurationSource Line:122 - To enable URLs as dynamic configuration sources, define System property archaius.configurationSource.additionalUrls or make config.properties available on classpath.
2020-12-03 17:07:06.174 INFO  com.netflix.config.sources.URLConfigurationSource Line:122 - To enable URLs as dynamic configuration sources, define System property archaius.configurationSource.additionalUrls or make config.properties available on classpath.
2020-12-03 17:07:06.481 INFO  org.hibernate.dialect.Dialect Line:170 - HHH000400: Using dialect: org.hibernate.dialect.MySQL55Dialect
2020-12-03 17:07:10.209 INFO  org.apache.coyote.http11.Http11NioProtocol Line:173 - Starting ProtocolHandler ["http-nio-8080"]
2020-12-03 17:07:10.356 INFO  org.springframework.boot.web.embedded.tomcat.TomcatWebServer Line:220 - Tomcat started on port(s): 8080 (http) with context path ''
2020-12-03 17:07:11.687 INFO  org.hibernate.engine.transaction.jta.platform.internal.JtaPlatformInitiator Line:52  - HHH000490: Using JtaPlatform implementation: [org.hibernate.engine.transaction.jta.platform.internal.NoJtaPlatform]
2020-12-03 17:07:11.723 INFO  org.springframework.data.repository.config.DeferredRepositoryInitializationListener Line:49  - Triggering deferred initialization of Spring Data repositories…
2020-12-03 17:07:11.763 INFO  org.springframework.orm.jpa.LocalContainerEntityManagerFactoryBean Line:416 - Initialized JPA EntityManagerFactory for persistence unit 'default'
2020-12-03 17:07:16.281 INFO  org.springframework.data.repository.config.DeferredRepositoryInitializationListener Line:53  - Spring Data repositories initialized!
2020-12-03 17:07:16.311 INFO  geek.me.javaapi.JavaApiApplication Line:61  - Started JavaApiApplication in 26.131 seconds (JVM running for 31.107)
2020-12-03 17:07:18.535 INFO  org.apache.catalina.core.ContainerBase.[Tomcat].[localhost].[/] Line:173 - Initializing Spring DispatcherServlet 'dispatcherServlet'
2020-12-03 17:07:18.536 INFO  org.springframework.web.servlet.DispatcherServlet Line:525 - Initializing Servlet 'dispatcherServlet'
2020-12-03 17:07:18.574 INFO  org.springframework.web.servlet.DispatcherServlet Line:547 - Completed initialization in 36 ms
2020-12-03 17:09:07.147 INFO  geek.me.javaapi.JavaApiApplication Line:651 - No active profile set, falling back to default profiles: default
2020-12-03 17:09:09.377 INFO  org.springframework.data.repository.config.RepositoryConfigurationDelegate Line:127 - Bootstrapping Spring Data JPA repositories in DEFERRED mode.
2020-12-03 17:09:09.949 INFO  org.springframework.data.repository.config.RepositoryConfigurationDelegate Line:187 - Finished Spring Data repository scanning in 524ms. Found 20 JPA repository interfaces.
2020-12-03 17:09:10.791 INFO  org.springframework.cloud.context.scope.GenericScope Line:295 - BeanFactory id=596836d5-3a80-3498-adcf-afcbe84a0f88
2020-12-03 17:09:12.479 INFO  org.springframework.boot.web.embedded.tomcat.TomcatWebServer Line:108 - Tomcat initialized with port(s): 8080 (http)
2020-12-03 17:09:12.523 INFO  org.apache.coyote.http11.Http11NioProtocol Line:173 - Initializing ProtocolHandler ["http-nio-8080"]
2020-12-03 17:09:12.527 INFO  org.apache.catalina.core.StandardService Line:173 - Starting service [Tomcat]
2020-12-03 17:09:12.528 INFO  org.apache.catalina.core.StandardEngine Line:173 - Starting Servlet engine: [Apache Tomcat/9.0.37]
2020-12-03 17:09:13.076 INFO  org.apache.catalina.core.ContainerBase.[Tomcat].[localhost].[/] Line:173 - Initializing Spring embedded WebApplicationContext
2020-12-03 17:09:13.077 INFO  org.springframework.boot.web.servlet.context.ServletWebServerApplicationContext Line:285 - Root WebApplicationContext: initialization completed in 5846 ms
2020-12-03 17:09:13.868 INFO  org.springframework.scheduling.concurrent.ThreadPoolTaskExecutor Line:181 - Initializing ExecutorService 'applicationTaskExecutor'
2020-12-03 17:09:13.915 INFO  com.zaxxer.hikari.HikariDataSource Line:110 - HikariPool-1 - Starting...
2020-12-03 17:09:14.425 INFO  com.zaxxer.hikari.HikariDataSource Line:123 - HikariPool-1 - Start completed.
2020-12-03 17:09:14.841 INFO  org.hibernate.jpa.internal.util.LogHelper Line:31  - HHH000204: Processing PersistenceUnitInfo [name: default]
2020-12-03 17:09:15.086 INFO  org.hibernate.Version Line:44  - HHH000412: Hibernate ORM core version 5.4.20.Final
2020-12-03 17:09:15.795 INFO  org.hibernate.annotations.common.Version Line:49  - HCANN000001: Hibernate Commons Annotations {5.1.0.Final}
2020-12-03 17:09:16.359 INFO  com.netflix.config.sources.URLConfigurationSource Line:122 - To enable URLs as dynamic configuration sources, define System property archaius.configurationSource.additionalUrls or make config.properties available on classpath.
2020-12-03 17:09:16.378 INFO  com.netflix.config.sources.URLConfigurationSource Line:122 - To enable URLs as dynamic configuration sources, define System property archaius.configurationSource.additionalUrls or make config.properties available on classpath.
2020-12-03 17:09:16.448 INFO  org.hibernate.dialect.Dialect Line:170 - HHH000400: Using dialect: org.hibernate.dialect.MySQL55Dialect
2020-12-03 17:09:19.293 INFO  org.apache.coyote.http11.Http11NioProtocol Line:173 - Starting ProtocolHandler ["http-nio-8080"]
2020-12-03 17:09:19.412 INFO  org.springframework.boot.web.embedded.tomcat.TomcatWebServer Line:220 - Tomcat started on port(s): 8080 (http) with context path ''
2020-12-03 17:09:20.276 INFO  org.springframework.data.repository.config.DeferredRepositoryInitializationListener Line:49  - Triggering deferred initialization of Spring Data repositories…
2020-12-03 17:09:20.393 INFO  org.hibernate.engine.transaction.jta.platform.internal.JtaPlatformInitiator Line:52  - HHH000490: Using JtaPlatform implementation: [org.hibernate.engine.transaction.jta.platform.internal.NoJtaPlatform]
2020-12-03 17:09:20.455 INFO  org.springframework.orm.jpa.LocalContainerEntityManagerFactoryBean Line:416 - Initialized JPA EntityManagerFactory for persistence unit 'default'
2020-12-03 17:09:23.399 INFO  org.springframework.data.repository.config.DeferredRepositoryInitializationListener Line:53  - Spring Data repositories initialized!
2020-12-03 17:09:23.427 INFO  geek.me.javaapi.JavaApiApplication Line:61  - Started JavaApiApplication in 21.641 seconds (JVM running for 26.461)
2020-12-03 17:11:31.659 INFO  geek.me.javaapi.JavaApiApplication Line:651 - No active profile set, falling back to default profiles: default
2020-12-03 17:11:34.034 INFO  org.springframework.data.repository.config.RepositoryConfigurationDelegate Line:127 - Bootstrapping Spring Data JPA repositories in DEFERRED mode.
2020-12-03 17:11:34.654 INFO  org.springframework.data.repository.config.RepositoryConfigurationDelegate Line:187 - Finished Spring Data repository scanning in 577ms. Found 20 JPA repository interfaces.
2020-12-03 17:11:35.417 INFO  org.springframework.cloud.context.scope.GenericScope Line:295 - BeanFactory id=596836d5-3a80-3498-adcf-afcbe84a0f88
2020-12-03 17:11:37.115 INFO  org.springframework.boot.web.embedded.tomcat.TomcatWebServer Line:108 - Tomcat initialized with port(s): 8080 (http)
2020-12-03 17:11:37.156 INFO  org.apache.coyote.http11.Http11NioProtocol Line:173 - Initializing ProtocolHandler ["http-nio-8080"]
2020-12-03 17:11:37.161 INFO  org.apache.catalina.core.StandardService Line:173 - Starting service [Tomcat]
2020-12-03 17:11:37.162 INFO  org.apache.catalina.core.StandardEngine Line:173 - Starting Servlet engine: [Apache Tomcat/9.0.37]
2020-12-03 17:11:37.721 INFO  org.apache.catalina.core.ContainerBase.[Tomcat].[localhost].[/] Line:173 - Initializing Spring embedded WebApplicationContext
2020-12-03 17:11:37.722 INFO  org.springframework.boot.web.servlet.context.ServletWebServerApplicationContext Line:285 - Root WebApplicationContext: initialization completed in 5976 ms
2020-12-03 17:11:38.575 INFO  org.springframework.scheduling.concurrent.ThreadPoolTaskExecutor Line:181 - Initializing ExecutorService 'applicationTaskExecutor'
2020-12-03 17:11:38.621 INFO  com.zaxxer.hikari.HikariDataSource Line:110 - HikariPool-1 - Starting...
2020-12-03 17:11:39.350 INFO  com.zaxxer.hikari.HikariDataSource Line:123 - HikariPool-1 - Start completed.
2020-12-03 17:11:40.108 INFO  org.hibernate.jpa.internal.util.LogHelper Line:31  - HHH000204: Processing PersistenceUnitInfo [name: default]
2020-12-03 17:11:40.350 INFO  org.hibernate.Version Line:44  - HHH000412: Hibernate ORM core version 5.4.20.Final
2020-12-03 17:11:41.099 INFO  org.hibernate.annotations.common.Version Line:49  - HCANN000001: Hibernate Commons Annotations {5.1.0.Final}
2020-12-03 17:11:41.670 INFO  com.netflix.config.sources.URLConfigurationSource Line:122 - To enable URLs as dynamic configuration sources, define System property archaius.configurationSource.additionalUrls or make config.properties available on classpath.
2020-12-03 17:11:41.690 INFO  com.netflix.config.sources.URLConfigurationSource Line:122 - To enable URLs as dynamic configuration sources, define System property archaius.configurationSource.additionalUrls or make config.properties available on classpath.
2020-12-03 17:11:41.759 INFO  org.hibernate.dialect.Dialect Line:170 - HHH000400: Using dialect: org.hibernate.dialect.MySQL55Dialect
2020-12-03 17:11:44.920 INFO  org.apache.coyote.http11.Http11NioProtocol Line:173 - Starting ProtocolHandler ["http-nio-8080"]
2020-12-03 17:11:45.047 INFO  org.springframework.boot.web.embedded.tomcat.TomcatWebServer Line:220 - Tomcat started on port(s): 8080 (http) with context path ''
2020-12-03 17:11:46.299 INFO  org.springframework.data.repository.config.DeferredRepositoryInitializationListener Line:49  - Triggering deferred initialization of Spring Data repositories…
2020-12-03 17:11:46.650 INFO  org.hibernate.engine.transaction.jta.platform.internal.JtaPlatformInitiator Line:52  - HHH000490: Using JtaPlatform implementation: [org.hibernate.engine.transaction.jta.platform.internal.NoJtaPlatform]
2020-12-03 17:11:46.699 INFO  org.springframework.orm.jpa.LocalContainerEntityManagerFactoryBean Line:416 - Initialized JPA EntityManagerFactory for persistence unit 'default'
2020-12-03 17:11:49.823 INFO  org.springframework.data.repository.config.DeferredRepositoryInitializationListener Line:53  - Spring Data repositories initialized!
2020-12-03 17:11:49.845 INFO  geek.me.javaapi.JavaApiApplication Line:61  - Started JavaApiApplication in 24.454 seconds (JVM running for 29.439)
2020-12-03 17:12:12.553 INFO  org.apache.catalina.core.ContainerBase.[Tomcat].[localhost].[/] Line:173 - Initializing Spring DispatcherServlet 'dispatcherServlet'
2020-12-03 17:12:12.554 INFO  org.springframework.web.servlet.DispatcherServlet Line:525 - Initializing Servlet 'dispatcherServlet'
2020-12-03 17:12:12.590 INFO  org.springframework.web.servlet.DispatcherServlet Line:547 - Completed initialization in 35 ms
2020-12-03 17:26:01.928 INFO  geek.me.javaapi.JavaApiApplication Line:651 - No active profile set, falling back to default profiles: default
2020-12-03 17:26:04.263 INFO  org.springframework.data.repository.config.RepositoryConfigurationDelegate Line:127 - Bootstrapping Spring Data JPA repositories in DEFERRED mode.
2020-12-03 17:26:04.845 INFO  org.springframework.data.repository.config.RepositoryConfigurationDelegate Line:187 - Finished Spring Data repository scanning in 548ms. Found 20 JPA repository interfaces.
2020-12-03 17:26:05.634 INFO  org.springframework.cloud.context.scope.GenericScope Line:295 - BeanFactory id=596836d5-3a80-3498-adcf-afcbe84a0f88
2020-12-03 17:26:07.271 INFO  org.springframework.boot.web.embedded.tomcat.TomcatWebServer Line:108 - Tomcat initialized with port(s): 8080 (http)
2020-12-03 17:26:07.309 INFO  org.apache.coyote.http11.Http11NioProtocol Line:173 - Initializing ProtocolHandler ["http-nio-8080"]
2020-12-03 17:26:07.312 INFO  org.apache.catalina.core.StandardService Line:173 - Starting service [Tomcat]
2020-12-03 17:26:07.313 INFO  org.apache.catalina.core.StandardEngine Line:173 - Starting Servlet engine: [Apache Tomcat/9.0.37]
2020-12-03 17:26:07.825 INFO  org.apache.catalina.core.ContainerBase.[Tomcat].[localhost].[/] Line:173 - Initializing Spring embedded WebApplicationContext
2020-12-03 17:26:07.827 INFO  org.springframework.boot.web.servlet.context.ServletWebServerApplicationContext Line:285 - Root WebApplicationContext: initialization completed in 5814 ms
2020-12-03 17:26:08.669 INFO  org.springframework.scheduling.concurrent.ThreadPoolTaskExecutor Line:181 - Initializing ExecutorService 'applicationTaskExecutor'
2020-12-03 17:26:08.713 INFO  com.zaxxer.hikari.HikariDataSource Line:110 - HikariPool-1 - Starting...
2020-12-03 17:26:09.243 INFO  com.zaxxer.hikari.HikariDataSource Line:123 - HikariPool-1 - Start completed.
2020-12-03 17:26:09.753 INFO  org.hibernate.jpa.internal.util.LogHelper Line:31  - HHH000204: Processing PersistenceUnitInfo [name: default]
2020-12-03 17:26:10.032 INFO  org.hibernate.Version Line:44  - HHH000412: Hibernate ORM core version 5.4.20.Final
2020-12-03 17:26:10.811 INFO  org.hibernate.annotations.common.Version Line:49  - HCANN000001: Hibernate Commons Annotations {5.1.0.Final}
2020-12-03 17:26:11.235 INFO  com.netflix.config.sources.URLConfigurationSource Line:122 - To enable URLs as dynamic configuration sources, define System property archaius.configurationSource.additionalUrls or make config.properties available on classpath.
2020-12-03 17:26:11.257 INFO  com.netflix.config.sources.URLConfigurationSource Line:122 - To enable URLs as dynamic configuration sources, define System property archaius.configurationSource.additionalUrls or make config.properties available on classpath.
2020-12-03 17:26:11.527 INFO  org.hibernate.dialect.Dialect Line:170 - HHH000400: Using dialect: org.hibernate.dialect.MySQL55Dialect
2020-12-03 17:26:14.357 INFO  org.apache.coyote.http11.Http11NioProtocol Line:173 - Starting ProtocolHandler ["http-nio-8080"]
2020-12-03 17:26:14.675 INFO  org.springframework.boot.web.embedded.tomcat.TomcatWebServer Line:220 - Tomcat started on port(s): 8080 (http) with context path ''
2020-12-03 17:26:15.960 INFO  org.hibernate.engine.transaction.jta.platform.internal.JtaPlatformInitiator Line:52  - HHH000490: Using JtaPlatform implementation: [org.hibernate.engine.transaction.jta.platform.internal.NoJtaPlatform]
2020-12-03 17:26:16.010 INFO  org.springframework.data.repository.config.DeferredRepositoryInitializationListener Line:49  - Triggering deferred initialization of Spring Data repositories…
2020-12-03 17:26:16.012 INFO  org.springframework.orm.jpa.LocalContainerEntityManagerFactoryBean Line:416 - Initialized JPA EntityManagerFactory for persistence unit 'default'
2020-12-03 17:26:19.898 INFO  org.springframework.data.repository.config.DeferredRepositoryInitializationListener Line:53  - Spring Data repositories initialized!
2020-12-03 17:26:19.958 INFO  geek.me.javaapi.JavaApiApplication Line:61  - Started JavaApiApplication in 23.057 seconds (JVM running for 29.614)
2020-12-03 17:26:21.887 INFO  org.apache.catalina.core.ContainerBase.[Tomcat].[localhost].[/] Line:173 - Initializing Spring DispatcherServlet 'dispatcherServlet'
2020-12-03 17:26:21.889 INFO  org.springframework.web.servlet.DispatcherServlet Line:525 - Initializing Servlet 'dispatcherServlet'
2020-12-03 17:26:21.999 INFO  org.springframework.web.servlet.DispatcherServlet Line:547 - Completed initialization in 108 ms
2020-12-03 17:27:22.110 INFO  geek.me.javaapi.JavaApiApplication Line:651 - No active profile set, falling back to default profiles: default
2020-12-03 17:27:24.485 INFO  org.springframework.data.repository.config.RepositoryConfigurationDelegate Line:127 - Bootstrapping Spring Data JPA repositories in DEFERRED mode.
2020-12-03 17:27:25.079 INFO  org.springframework.data.repository.config.RepositoryConfigurationDelegate Line:187 - Finished Spring Data repository scanning in 554ms. Found 20 JPA repository interfaces.
2020-12-03 17:27:25.857 INFO  org.springframework.cloud.context.scope.GenericScope Line:295 - BeanFactory id=596836d5-3a80-3498-adcf-afcbe84a0f88
2020-12-03 17:27:27.456 INFO  org.springframework.boot.web.embedded.tomcat.TomcatWebServer Line:108 - Tomcat initialized with port(s): 8080 (http)
2020-12-03 17:27:27.504 INFO  org.apache.coyote.http11.Http11NioProtocol Line:173 - Initializing ProtocolHandler ["http-nio-8080"]
2020-12-03 17:27:27.507 INFO  org.apache.catalina.core.StandardService Line:173 - Starting service [Tomcat]
2020-12-03 17:27:27.508 INFO  org.apache.catalina.core.StandardEngine Line:173 - Starting Servlet engine: [Apache Tomcat/9.0.37]
2020-12-03 17:27:28.016 INFO  org.apache.catalina.core.ContainerBase.[Tomcat].[localhost].[/] Line:173 - Initializing Spring embedded WebApplicationContext
2020-12-03 17:27:28.017 INFO  org.springframework.boot.web.servlet.context.ServletWebServerApplicationContext Line:285 - Root WebApplicationContext: initialization completed in 5815 ms
2020-12-03 17:27:28.820 INFO  org.springframework.scheduling.concurrent.ThreadPoolTaskExecutor Line:181 - Initializing ExecutorService 'applicationTaskExecutor'
2020-12-03 17:27:28.862 INFO  com.zaxxer.hikari.HikariDataSource Line:110 - HikariPool-1 - Starting...
2020-12-03 17:27:29.393 INFO  com.zaxxer.hikari.HikariDataSource Line:123 - HikariPool-1 - Start completed.
2020-12-03 17:27:29.847 INFO  org.hibernate.jpa.internal.util.LogHelper Line:31  - HHH000204: Processing PersistenceUnitInfo [name: default]
2020-12-03 17:27:30.104 INFO  org.hibernate.Version Line:44  - HHH000412: Hibernate ORM core version 5.4.20.Final
2020-12-03 17:27:30.837 INFO  org.hibernate.annotations.common.Version Line:49  - HCANN000001: Hibernate Commons Annotations {5.1.0.Final}
2020-12-03 17:27:31.397 INFO  com.netflix.config.sources.URLConfigurationSource Line:122 - To enable URLs as dynamic configuration sources, define System property archaius.configurationSource.additionalUrls or make config.properties available on classpath.
2020-12-03 17:27:31.421 INFO  com.netflix.config.sources.URLConfigurationSource Line:122 - To enable URLs as dynamic configuration sources, define System property archaius.configurationSource.additionalUrls or make config.properties available on classpath.
2020-12-03 17:27:31.476 INFO  org.hibernate.dialect.Dialect Line:170 - HHH000400: Using dialect: org.hibernate.dialect.MySQL55Dialect
2020-12-03 17:27:34.319 INFO  org.apache.coyote.http11.Http11NioProtocol Line:173 - Starting ProtocolHandler ["http-nio-8080"]
2020-12-03 17:27:34.446 INFO  org.springframework.boot.web.embedded.tomcat.TomcatWebServer Line:220 - Tomcat started on port(s): 8080 (http) with context path ''
2020-12-03 17:27:35.334 INFO  org.springframework.data.repository.config.DeferredRepositoryInitializationListener Line:49  - Triggering deferred initialization of Spring Data repositories…
2020-12-03 17:27:35.405 INFO  org.hibernate.engine.transaction.jta.platform.internal.JtaPlatformInitiator Line:52  - HHH000490: Using JtaPlatform implementation: [org.hibernate.engine.transaction.jta.platform.internal.NoJtaPlatform]
2020-12-03 17:27:35.463 INFO  org.springframework.orm.jpa.LocalContainerEntityManagerFactoryBean Line:416 - Initialized JPA EntityManagerFactory for persistence unit 'default'
2020-12-03 17:27:38.405 INFO  org.springframework.data.repository.config.DeferredRepositoryInitializationListener Line:53  - Spring Data repositories initialized!
2020-12-03 17:27:38.435 INFO  geek.me.javaapi.JavaApiApplication Line:61  - Started JavaApiApplication in 21.376 seconds (JVM running for 26.665)
2020-12-03 17:28:39.978 INFO  org.apache.catalina.core.ContainerBase.[Tomcat].[localhost].[/] Line:173 - Initializing Spring DispatcherServlet 'dispatcherServlet'
2020-12-03 17:28:39.980 INFO  org.springframework.web.servlet.DispatcherServlet Line:525 - Initializing Servlet 'dispatcherServlet'
2020-12-03 17:28:40.007 INFO  org.springframework.web.servlet.DispatcherServlet Line:547 - Completed initialization in 26 ms
2020-12-03 17:43:23.234 INFO  org.springframework.boot.test.context.SpringBootTestContextBootstrapper Line:308 - Neither @ContextConfiguration nor @ContextHierarchy found for test class [geek.me.javaapi.JavaApiApplicationTests], using SpringBootContextLoader
2020-12-03 17:43:23.272 INFO  org.springframework.test.context.support.AbstractContextLoader Line:264 - Could not detect default resource locations for test class [geek.me.javaapi.JavaApiApplicationTests]: no resource found for suffixes {-context.xml, Context.groovy}.
2020-12-03 17:43:23.276 INFO  org.springframework.test.context.support.AnnotationConfigContextLoaderUtils Line:83  - Could not detect default configuration classes for test class [geek.me.javaapi.JavaApiApplicationTests]: JavaApiApplicationTests does not declare any static, non-private, non-final, nested classes annotated with @Configuration.
2020-12-03 17:43:23.862 INFO  org.springframework.boot.test.context.SpringBootTestContextBootstrapper Line:237 - Found @SpringBootConfiguration geek.me.javaapi.JavaApiApplication for test class geek.me.javaapi.JavaApiApplicationTests
2020-12-03 17:43:24.424 INFO  org.springframework.boot.test.context.SpringBootTestContextBootstrapper Line:248 - Loaded default TestExecutionListener class names from location [META-INF/spring.factories]: [org.springframework.boot.test.mock.mockito.MockitoTestExecutionListener, org.springframework.boot.test.mock.mockito.ResetMocksTestExecutionListener, org.springframework.boot.test.autoconfigure.restdocs.RestDocsTestExecutionListener, org.springframework.boot.test.autoconfigure.web.client.MockRestServiceServerResetTestExecutionListener, org.springframework.boot.test.autoconfigure.web.servlet.MockMvcPrintOnlyOnFailureTestExecutionListener, org.springframework.boot.test.autoconfigure.web.servlet.WebDriverTestExecutionListener, org.springframework.boot.test.autoconfigure.webservices.client.MockWebServiceServerTestExecutionListener, org.springframework.test.context.web.ServletTestExecutionListener, org.springframework.test.context.support.DirtiesContextBeforeModesTestExecutionListener, org.springframework.test.context.support.DependencyInjectionTestExecutionListener, org.springframework.test.context.support.DirtiesContextTestExecutionListener, org.springframework.test.context.transaction.TransactionalTestExecutionListener, org.springframework.test.context.jdbc.SqlScriptsTestExecutionListener, org.springframework.test.context.event.EventPublishingTestExecutionListener]
2020-12-03 17:43:24.517 INFO  org.springframework.boot.test.context.SpringBootTestContextBootstrapper Line:177 - Using TestExecutionListeners: [org.springframework.test.context.web.ServletTestExecutionListener@2a7ed1f, org.springframework.test.context.support.DirtiesContextBeforeModesTestExecutionListener@3fa247d1, org.springframework.boot.test.mock.mockito.MockitoTestExecutionListener@2cb2fc20, org.springframework.boot.test.autoconfigure.SpringBootDependencyInjectionTestExecutionListener@4f4c4b1a, org.springframework.test.context.support.DirtiesContextTestExecutionListener@723e88f9, org.springframework.test.context.transaction.TransactionalTestExecutionListener@5f0fd5a0, org.springframework.test.context.jdbc.SqlScriptsTestExecutionListener@64e7619d, org.springframework.test.context.event.EventPublishingTestExecutionListener@495ee280, org.springframework.boot.test.mock.mockito.ResetMocksTestExecutionListener@4fa1c212, org.springframework.boot.test.autoconfigure.restdocs.RestDocsTestExecutionListener@6ea2bc93, org.springframework.boot.test.autoconfigure.web.client.MockRestServiceServerResetTestExecutionListener@3116c353, org.springframework.boot.test.autoconfigure.web.servlet.MockMvcPrintOnlyOnFailureTestExecutionListener@f627d13, org.springframework.boot.test.autoconfigure.web.servlet.WebDriverTestExecutionListener@4e928fbf, org.springframework.boot.test.autoconfigure.webservices.client.MockWebServiceServerTestExecutionListener@352ff4da]
2020-12-03 17:43:29.022 INFO  geek.me.javaapi.JavaApiApplicationTests Line:651 - No active profile set, falling back to default profiles: default
2020-12-03 17:43:33.034 INFO  org.springframework.data.repository.config.RepositoryConfigurationDelegate Line:127 - Bootstrapping Spring Data JPA repositories in DEFERRED mode.
2020-12-03 17:43:33.766 INFO  org.springframework.data.repository.config.RepositoryConfigurationDelegate Line:187 - Finished Spring Data repository scanning in 678ms. Found 20 JPA repository interfaces.
2020-12-03 17:43:35.090 INFO  org.springframework.cloud.context.scope.GenericScope Line:295 - BeanFactory id=a0089f78-0262-3981-b787-3b320598f2a4
2020-12-03 17:43:38.000 INFO  org.springframework.scheduling.concurrent.ThreadPoolTaskExecutor Line:181 - Initializing ExecutorService 'applicationTaskExecutor'
2020-12-03 17:43:38.116 INFO  com.zaxxer.hikari.HikariDataSource Line:110 - HikariPool-1 - Starting...
2020-12-03 17:43:39.728 INFO  com.zaxxer.hikari.HikariDataSource Line:123 - HikariPool-1 - Start completed.
2020-12-03 17:43:40.266 INFO  org.hibernate.jpa.internal.util.LogHelper Line:31  - HHH000204: Processing PersistenceUnitInfo [name: default]
2020-12-03 17:43:40.831 INFO  org.hibernate.Version Line:44  - HHH000412: Hibernate ORM core version 5.4.20.Final
2020-12-03 17:43:42.174 INFO  org.hibernate.annotations.common.Version Line:49  - HCANN000001: Hibernate Commons Annotations {5.1.0.Final}
2020-12-03 17:43:43.601 INFO  org.hibernate.dialect.Dialect Line:170 - HHH000400: Using dialect: org.hibernate.dialect.MySQL55Dialect
2020-12-03 17:43:46.177 INFO  com.netflix.config.sources.URLConfigurationSource Line:122 - To enable URLs as dynamic configuration sources, define System property archaius.configurationSource.additionalUrls or make config.properties available on classpath.
2020-12-03 17:43:46.231 INFO  com.netflix.config.sources.URLConfigurationSource Line:122 - To enable URLs as dynamic configuration sources, define System property archaius.configurationSource.additionalUrls or make config.properties available on classpath.
2020-12-03 17:43:51.814 INFO  org.hibernate.engine.transaction.jta.platform.internal.JtaPlatformInitiator Line:52  - HHH000490: Using JtaPlatform implementation: [org.hibernate.engine.transaction.jta.platform.internal.NoJtaPlatform]
2020-12-03 17:43:52.711 INFO  org.springframework.orm.jpa.LocalContainerEntityManagerFactoryBean Line:416 - Initialized JPA EntityManagerFactory for persistence unit 'default'
2020-12-03 17:43:56.213 INFO  org.springframework.data.repository.config.DeferredRepositoryInitializationListener Line:49  - Triggering deferred initialization of Spring Data repositories…
2020-12-03 17:44:01.196 INFO  org.springframework.data.repository.config.DeferredRepositoryInitializationListener Line:53  - Spring Data repositories initialized!
2020-12-03 17:44:01.245 INFO  geek.me.javaapi.JavaApiApplicationTests Line:61  - Started JavaApiApplicationTests in 36.536 seconds (JVM running for 43.235)
2020-12-03 17:44:07.745 INFO  org.springframework.orm.jpa.LocalContainerEntityManagerFactoryBean Line:598 - Closing JPA EntityManagerFactory for persistence unit 'default'
2020-12-03 17:44:07.755 INFO  org.springframework.scheduling.concurrent.ThreadPoolTaskExecutor Line:218 - Shutting down ExecutorService 'applicationTaskExecutor'
2020-12-03 17:44:07.757 INFO  com.zaxxer.hikari.HikariDataSource Line:350 - HikariPool-1 - Shutdown initiated...
2020-12-03 17:44:07.820 INFO  com.zaxxer.hikari.HikariDataSource Line:352 - HikariPool-1 - Shutdown completed.
2020-12-03 17:46:53.928 INFO  geek.me.javaapi.JavaApiApplication Line:651 - No active profile set, falling back to default profiles: default
2020-12-03 17:46:56.226 INFO  org.springframework.data.repository.config.RepositoryConfigurationDelegate Line:127 - Bootstrapping Spring Data JPA repositories in DEFERRED mode.
2020-12-03 17:46:56.810 INFO  org.springframework.data.repository.config.RepositoryConfigurationDelegate Line:187 - Finished Spring Data repository scanning in 548ms. Found 20 JPA repository interfaces.
2020-12-03 17:46:57.633 INFO  org.springframework.cloud.context.scope.GenericScope Line:295 - BeanFactory id=1a2acc41-c999-3530-b09c-db0345217cd7
2020-12-03 17:46:59.256 INFO  org.springframework.boot.web.embedded.tomcat.TomcatWebServer Line:108 - Tomcat initialized with port(s): 8080 (http)
2020-12-03 17:46:59.296 INFO  org.apache.coyote.http11.Http11NioProtocol Line:173 - Initializing ProtocolHandler ["http-nio-8080"]
2020-12-03 17:46:59.300 INFO  org.apache.catalina.core.StandardService Line:173 - Starting service [Tomcat]
2020-12-03 17:46:59.301 INFO  org.apache.catalina.core.StandardEngine Line:173 - Starting Servlet engine: [Apache Tomcat/9.0.37]
2020-12-03 17:46:59.790 INFO  org.apache.catalina.core.ContainerBase.[Tomcat].[localhost].[/] Line:173 - Initializing Spring embedded WebApplicationContext
2020-12-03 17:46:59.791 INFO  org.springframework.boot.web.servlet.context.ServletWebServerApplicationContext Line:285 - Root WebApplicationContext: initialization completed in 5776 ms
2020-12-03 17:47:00.685 INFO  org.springframework.scheduling.concurrent.ThreadPoolTaskExecutor Line:181 - Initializing ExecutorService 'applicationTaskExecutor'
2020-12-03 17:47:00.728 INFO  com.zaxxer.hikari.HikariDataSource Line:110 - HikariPool-1 - Starting...
2020-12-03 17:47:01.244 INFO  com.zaxxer.hikari.HikariDataSource Line:123 - HikariPool-1 - Start completed.
2020-12-03 17:47:01.688 INFO  org.hibernate.jpa.internal.util.LogHelper Line:31  - HHH000204: Processing PersistenceUnitInfo [name: default]
2020-12-03 17:47:01.937 INFO  org.hibernate.Version Line:44  - HHH000412: Hibernate ORM core version 5.4.20.Final
2020-12-03 17:47:02.668 INFO  org.hibernate.annotations.common.Version Line:49  - HCANN000001: Hibernate Commons Annotations {5.1.0.Final}
2020-12-03 17:47:03.302 INFO  com.netflix.config.sources.URLConfigurationSource Line:122 - To enable URLs as dynamic configuration sources, define System property archaius.configurationSource.additionalUrls or make config.properties available on classpath.
2020-12-03 17:47:03.333 INFO  com.netflix.config.sources.URLConfigurationSource Line:122 - To enable URLs as dynamic configuration sources, define System property archaius.configurationSource.additionalUrls or make config.properties available on classpath.
2020-12-03 17:47:03.540 INFO  org.hibernate.dialect.Dialect Line:170 - HHH000400: Using dialect: org.hibernate.dialect.MySQL55Dialect
2020-12-03 17:47:06.821 INFO  org.apache.coyote.http11.Http11NioProtocol Line:173 - Starting ProtocolHandler ["http-nio-8080"]
2020-12-03 17:47:06.952 INFO  org.springframework.boot.web.embedded.tomcat.TomcatWebServer Line:220 - Tomcat started on port(s): 8080 (http) with context path ''
2020-12-03 17:47:07.554 INFO  org.hibernate.engine.transaction.jta.platform.internal.JtaPlatformInitiator Line:52  - HHH000490: Using JtaPlatform implementation: [org.hibernate.engine.transaction.jta.platform.internal.NoJtaPlatform]
2020-12-03 17:47:07.601 INFO  org.springframework.orm.jpa.LocalContainerEntityManagerFactoryBean Line:416 - Initialized JPA EntityManagerFactory for persistence unit 'default'
2020-12-03 17:47:07.872 INFO  org.springframework.data.repository.config.DeferredRepositoryInitializationListener Line:49  - Triggering deferred initialization of Spring Data repositories…
2020-12-03 17:47:10.941 INFO  org.springframework.data.repository.config.DeferredRepositoryInitializationListener Line:53  - Spring Data repositories initialized!
2020-12-03 17:47:10.968 INFO  geek.me.javaapi.JavaApiApplication Line:61  - Started JavaApiApplication in 21.866 seconds (JVM running for 26.761)
2020-12-03 17:47:44.872 INFO  org.apache.catalina.core.ContainerBase.[Tomcat].[localhost].[/] Line:173 - Initializing Spring DispatcherServlet 'dispatcherServlet'
2020-12-03 17:47:44.873 INFO  org.springframework.web.servlet.DispatcherServlet Line:525 - Initializing Servlet 'dispatcherServlet'
2020-12-03 17:47:44.907 INFO  org.springframework.web.servlet.DispatcherServlet Line:547 - Completed initialization in 33 ms
